  Determining projects to restore...
/Users/andrew/Projects/forge-trust/runnable__venus/Web/ForgeTrust.Runnable.Web.Scalar/ForgeTrust.Runnable.Web.Scalar.csproj : error NU1010: The following PackageReference items do not define a corresponding PackageVersion item: Scalar.AspNetCore. Projects using Central Package Management must declare PackageReference and PackageVersion items with matching names. For more information, visit https://aka.ms/nuget/cpm/gettingstarted [/Users/andrew/Projects/forge-trust/runnable__venus/ForgeTrust.Runnable.slnx]
  Restored /Users/andrew/Projects/forge-trust/runnable__venus/Web/ForgeTrust.Runnable.Web.RazorWire/ForgeTrust.Runnable.Web.RazorWire.csproj (in 126 ms).
  Restored /Users/andrew/Projects/forge-trust/runnable__venus/benchmarks/ManyDependencyInjectionControllers/ManyDependencyInjectionControllers.csproj (in 122 ms).
  Failed to restore /Users/andrew/Projects/forge-trust/runnable__venus/Web/ForgeTrust.Runnable.Web.Scalar/ForgeTrust.Runnable.Web.Scalar.csproj (in 111 ms).
  Restored /Users/andrew/Projects/forge-trust/runnable__venus/benchmarks/SimpleApiController/SimpleApiController.csproj (in 105 ms).
  Restored /Users/andrew/Projects/forge-trust/runnable__venus/examples/razorwire-mvc/RazorWireWebExample.csproj (in 125 ms).
  Restored /Users/andrew/Projects/forge-trust/runnable__venus/Web/ForgeTrust.Runnable.Web/ForgeTrust.Runnable.Web.csproj (in 124 ms).
/Users/andrew/Projects/forge-trust/runnable__venus/Web/ForgeTrust.Runnable.Web.OpenApi/ForgeTrust.Runnable.Web.OpenApi.csproj : error NU1010: The following PackageReference items do not define a corresponding PackageVersion item: Microsoft.AspNetCore.OpenApi. Projects using Central Package Management must declare PackageReference and PackageVersion items with matching names. For more information, visit https://aka.ms/nuget/cpm/gettingstarted [/Users/andrew/Projects/forge-trust/runnable__venus/ForgeTrust.Runnable.slnx]
  Failed to restore /Users/andrew/Projects/forge-trust/runnable__venus/Web/ForgeTrust.Runnable.Web.OpenApi/ForgeTrust.Runnable.Web.OpenApi.csproj (in 3 ms).
/Users/andrew/Projects/forge-trust/runnable__venus/Config/ForgeTrust.Runnable.Config.Tests/ForgeTrust.Runnable.Config.Tests.csproj : warning NU1601: Dependency specified was xunit.runner.visualstudio (>= 2.9.2) but ended up with xunit.runner.visualstudio 3.0.0. [/Users/andrew/Projects/forge-trust/runnable__venus/ForgeTrust.Runnable.slnx]
/Users/andrew/Projects/forge-trust/runnable__venus/Web/ForgeTrust.Runnable.Web.RazorWire.Tests/ForgeTrust.Runnable.Web.RazorWire.Tests.csproj : warning NU1601: Dependency specified was xunit.runner.visualstudio (>= 2.9.2) but ended up with xunit.runner.visualstudio 3.0.0. [/Users/andrew/Projects/forge-trust/runnable__venus/ForgeTrust.Runnable.slnx]
/Users/andrew/Projects/forge-trust/runnable__venus/Web/ForgeTrust.Runnable.Web.Tests/ForgeTrust.Runnable.Web.Tests.csproj : warning NU1601: Dependency specified was xunit.runner.visualstudio (>= 2.9.2) but ended up with xunit.runner.visualstudio 3.0.0. [/Users/andrew/Projects/forge-trust/runnable__venus/ForgeTrust.Runnable.slnx]
/Users/andrew/Projects/forge-trust/runnable__venus/Console/ForgeTrust.Runnable.Console.Tests/ForgeTrust.Runnable.Console.Tests.csproj : warning NU1601: Dependency specified was xunit.runner.visualstudio (>= 2.9.2) but ended up with xunit.runner.visualstudio 3.0.0. [/Users/andrew/Projects/forge-trust/runnable__venus/ForgeTrust.Runnable.slnx]
/Users/andrew/Projects/forge-trust/runnable__venus/ForgeTrust.Runnable.Core.Tests/ForgeTrust.Runnable.Core.Tests.csproj : warning NU1601: Dependency specified was xunit.runner.visualstudio (>= 2.9.2) but ended up with xunit.runner.visualstudio 3.0.0. [/Users/andrew/Projects/forge-trust/runnable__venus/ForgeTrust.Runnable.slnx]
/Users/andrew/Projects/forge-trust/runnable__venus/Aspire/ForgeTrust.Runnable.Aspire/ForgeTrust.Runnable.Aspire.csproj : warning NU1902: Package 'KubernetesClient' 17.0.4 has a known moderate severity vulnerability, https://github.com/advisories/GHSA-w7r3-mgwf-4mqq [/Users/andrew/Projects/forge-trust/runnable__venus/ForgeTrust.Runnable.slnx]
  Restored /Users/andrew/Projects/forge-trust/runnable__venus/Console/ForgeTrust.Runnable.Console/ForgeTrust.Runnable.Console.csproj (in 213 ms).
  Restored /Users/andrew/Projects/forge-trust/runnable__venus/Dependency/ForgeTrust.Runnable.Dependency.Autofac/ForgeTrust.Runnable.Dependency.Autofac.csproj (in 213 ms).
  Restored /Users/andrew/Projects/forge-trust/runnable__venus/Web/ForgeTrust.Runnable.Web.RazorWire.Cli/ForgeTrust.Runnable.Web.RazorWire.Cli.csproj (in 227 ms).
  Restored /Users/andrew/Projects/forge-trust/runnable__venus/examples/web-app/WebAppExample.csproj (in 3 ms).
  Restored /Users/andrew/Projects/forge-trust/runnable__venus/ForgeTrust.Runnable.Core/ForgeTrust.Runnable.Core.csproj (in 57 ms).
  Restored /Users/andrew/Projects/forge-trust/runnable__venus/benchmarks/DependencyInjectionControllers/DependencyInjectionControllers.csproj (in 0.8 ms).
  Restored /Users/andrew/Projects/forge-trust/runnable__venus/Config/ForgeTrust.Runnable.Config/ForgeTrust.Runnable.Config.csproj (in 213 ms).
  Restored /Users/andrew/Projects/forge-trust/runnable__venus/examples/console-app/ConsoleAppExample.csproj (in 227 ms).
  Restored /Users/andrew/Projects/forge-trust/runnable__venus/Web/ForgeTrust.Runnable.Web.Tests/ForgeTrust.Runnable.Web.Tests.csproj (in 82 ms).
  Restored /Users/andrew/Projects/forge-trust/runnable__venus/Console/ForgeTrust.Runnable.Console.Tests/ForgeTrust.Runnable.Console.Tests.csproj (in 83 ms).
  Restored /Users/andrew/Projects/forge-trust/runnable__venus/Web/ForgeTrust.Runnable.Web.RazorWire.Tests/ForgeTrust.Runnable.Web.RazorWire.Tests.csproj (in 237 ms).
  Restored /Users/andrew/Projects/forge-trust/runnable__venus/Aspire/ForgeTrust.Runnable.Aspire/ForgeTrust.Runnable.Aspire.csproj (in 85 ms).
  Restored /Users/andrew/Projects/forge-trust/runnable__venus/Config/ForgeTrust.Runnable.Config.Tests/ForgeTrust.Runnable.Config.Tests.csproj (in 238 ms).
  Restored /Users/andrew/Projects/forge-trust/runnable__venus/ForgeTrust.Runnable.Core.Tests/ForgeTrust.Runnable.Core.Tests.csproj (in 83 ms).
/Users/andrew/Projects/forge-trust/runnable__venus/Aspire/ForgeTrust.Runnable.Aspire.Tests/ForgeTrust.Runnable.Aspire.Tests.csproj : warning NU1601: Dependency specified was xunit.runner.visualstudio (>= 2.9.2) but ended up with xunit.runner.visualstudio 3.0.0. [/Users/andrew/Projects/forge-trust/runnable__venus/ForgeTrust.Runnable.slnx]
/Users/andrew/Projects/forge-trust/runnable__venus/Aspire/ForgeTrust.Runnable.Aspire.Tests/ForgeTrust.Runnable.Aspire.Tests.csproj : warning NU1902: Package 'KubernetesClient' 17.0.4 has a known moderate severity vulnerability, https://github.com/advisories/GHSA-w7r3-mgwf-4mqq [/Users/andrew/Projects/forge-trust/runnable__venus/ForgeTrust.Runnable.slnx]
  Restored /Users/andrew/Projects/forge-trust/runnable__venus/Aspire/ForgeTrust.Runnable.Aspire.Tests/ForgeTrust.Runnable.Aspire.Tests.csproj (in 36 ms).
  Restored /Users/andrew/Projects/forge-trust/runnable__venus/benchmarks/AbpSimpleController/AbpSimpleController.csproj (in 264 ms).
  Restored /Users/andrew/Projects/forge-trust/runnable__venus/benchmarks/RunnableBenchmarks/RunnableBenchmarks.csproj (in 110 ms).
